0.2397019863128662 83
0.24017906188964844 82
0.24150490760803223 81
0.24169015884399414 80
0.24531006813049316 79
0.24549388885498047 78
0.24581289291381836 77
0.2462170124053955 76
0.24639105796813965 75
0.24714899063110352 74
0.2479231357574463 73
0.2483971118927002 72
0.24916505813598633 71
0.2506861686706543 70
0.2523231506347656 69
0.2564680576324463 68
0.25686120986938477 67
0.2585639953613281 66
0.2596569061279297 65
0.26119208335876465 64
0.2618081569671631 63
0.2623889446258545 62
0.2639501094818115 61
0.26419615745544434 60
0.2662231922149658 59
0.2675750255584717 58
0.2680940628051758 57
0.27013397216796875 56
0.27124905586242676 55
0.27896809577941895 54
0.2801210880279541 53
0.2830331325531006 52
0.28751707077026367 51
0.30994510650634766 50
