0.24091196060180664 83
0.24117588996887207 82
0.24181413650512695 81
0.24396514892578125 80
0.24560213088989258 79
0.24664902687072754 78
0.246826171875 77
0.2470858097076416 76
0.24922823905944824 75
0.24975109100341797 74
0.2500591278076172 73
0.25173211097717285 72
0.2540891170501709 71
0.2560908794403076 70
0.25911784172058105 69
0.2597379684448242 68
0.2619500160217285 67
0.2628669738769531 66
0.26535797119140625 65
0.2657968997955322 64
0.2680971622467041 63
0.26900410652160645 62
0.27169013023376465 61
0.2726161479949951 60
0.27541518211364746 59
0.27657198905944824 58
0.2773609161376953 57
0.27784299850463867 56
0.27803921699523926 55
0.2786891460418701 54
0.28061604499816895 53
0.28394198417663574 52
0.2901780605316162 51
0.30420589447021484 50
