0.2401447296142578 83
0.24039983749389648 82
0.24248600006103516 81
0.2429509162902832 80
0.2435450553894043 79
0.24372100830078125 78
0.2441709041595459 77
0.24434494972229004 76
0.24638795852661133 75
0.24862885475158691 74
0.24906396865844727 73
0.2500338554382324 72
0.2506279945373535 71
0.2517087459564209 70
0.25252771377563477 69
0.25301384925842285 68
0.2532949447631836 67
0.253572940826416 66
0.2559380531311035 65
0.25684499740600586 64
0.2573509216308594 63
0.2609708309173584 62
0.2611110210418701 61
0.26752400398254395 60
0.26816797256469727 59
0.2686469554901123 58
0.2693910598754883 57
0.27738285064697266 56
0.27822375297546387 55
0.2789938449859619 54
0.2806110382080078 53
0.28350090980529785 52
0.3008239269256592 51
0.32587099075317383 50
