0.2430860996246338 83
0.24336886405944824 82
0.244520902633667 81
0.24537897109985352 80
0.24619007110595703 79
0.24791383743286133 78
0.25072193145751953 77
0.25124096870422363 76
0.2530679702758789 75
0.2538609504699707 74
0.25544285774230957 73
0.25560903549194336 72
0.2573978900909424 71
0.25756001472473145 70
0.2578768730163574 69
0.260983943939209 68
0.2617509365081787 67
0.2621119022369385 66
0.2643599510192871 65
0.2653670310974121 64
0.26631593704223633 63
0.26702308654785156 62
0.2677469253540039 61
0.27213287353515625 60
0.28073596954345703 59
0.28325605392456055 58
0.28934383392333984 57
0.29096078872680664 56
0.2916228771209717 55
0.29436373710632324 54
0.2944769859313965 53
0.2993149757385254 52
0.3007500171661377 51
0.3075289726257324 50
