0.2421729564666748 83
0.24271917343139648 82
0.24388909339904785 81
0.24462223052978516 80
0.24534296989440918 79
0.24672222137451172 78
0.25012993812561035 77
0.2508811950683594 76
0.25203514099121094 75
0.25322985649108887 74
0.2535381317138672 73
0.25383901596069336 72
0.25472307205200195 71
0.254957914352417 70
0.25697803497314453 69
0.25749897956848145 68
0.2579169273376465 67
0.25843119621276855 66
0.25954103469848633 65
0.26260900497436523 64
0.2652320861816406 63
0.2659778594970703 62
0.26804304122924805 61
0.2701280117034912 60
0.2722489833831787 59
0.27279114723205566 58
0.27455592155456543 57
0.2773311138153076 56
0.2781689167022705 55
0.2807650566101074 54
0.28211212158203125 53
0.29033803939819336 52
0.291309118270874 51
0.29175519943237305 50
