0.24143004417419434 83
0.24254179000854492 82
0.24441099166870117 81
0.24615883827209473 80
0.2463397979736328 79
0.24795985221862793 78
0.251007080078125 77
0.25275182723999023 76
0.2549459934234619 75
0.25658297538757324 74
0.25766682624816895 73
0.25804901123046875 72
0.25972986221313477 71
0.26028990745544434 70
0.2632448673248291 69
0.2644209861755371 68
0.2653467655181885 67
0.26698875427246094 66
0.26714086532592773 65
0.269650936126709 64
0.2731590270996094 63
0.27330589294433594 62
0.27491092681884766 61
0.2765069007873535 60
0.2783079147338867 59
0.2792840003967285 58
0.27947282791137695 57
0.27982592582702637 56
0.28011608123779297 55
0.281282901763916 54
0.28182196617126465 53
0.28797006607055664 52
0.2937328815460205 51
0.29585790634155273 50
