0.24062418937683105 83
0.2420341968536377 82
0.24419522285461426 81
0.24461126327514648 80
0.2469182014465332 79
0.2473742961883545 78
0.24898719787597656 77
0.24997520446777344 76
0.25037217140197754 75
0.25054025650024414 74
0.25139307975769043 73
0.2525451183319092 72
0.25312328338623047 71
0.25633811950683594 70
0.2585031986236572 69
0.2587881088256836 68
0.26008129119873047 67
0.26462221145629883 66
0.26560425758361816 65
0.2664332389831543 64
0.2677340507507324 63
0.27020716667175293 62
0.27065515518188477 61
0.27281618118286133 60
0.2733802795410156 59
0.27381300926208496 58
0.27677321434020996 57
0.28336310386657715 56
0.2840299606323242 55
0.2882392406463623 54
0.29221606254577637 53
0.2955291271209717 52
0.30733799934387207 51
0.30783629417419434 50
