0.24166178703308105 83
0.2437748908996582 82
0.2453758716583252 81
0.24605584144592285 80
0.24761104583740234 79
0.2519090175628662 78
0.2552947998046875 77
0.25589895248413086 76
0.2560770511627197 75
0.257152795791626 74
0.262387752532959 73
0.2630949020385742 72
0.2633950710296631 71
0.2640528678894043 70
0.26448607444763184 69
0.26596808433532715 68
0.2686328887939453 67
0.26997804641723633 66
0.27196788787841797 65
0.2724320888519287 64
0.2726900577545166 63
0.27568507194519043 62
0.27704906463623047 61
0.278278112411499 60
0.2801969051361084 59
0.2812340259552002 58
0.28169894218444824 57
0.2843177318572998 56
0.28638672828674316 55
0.28733396530151367 54
0.290863037109375 53
0.29584407806396484 52
0.29859495162963867 51
0.29875707626342773 50
