0.24173903465270996 83
0.2429039478302002 82
0.24309611320495605 81
0.24424219131469727 80
0.24822115898132324 79
0.24944210052490234 78
0.25069618225097656 77
0.2514028549194336 76
0.2515850067138672 75
0.2522721290588379 74
0.2535989284515381 73
0.2539830207824707 72
0.25545310974121094 71
0.2559690475463867 70
0.25654101371765137 69
0.2566959857940674 68
0.26290297508239746 67
0.2633090019226074 66
0.2634611129760742 65
0.264815092086792 64
0.2664461135864258 63
0.2702319622039795 62
0.2733039855957031 61
0.27361607551574707 60
0.27603912353515625 59
0.27781105041503906 58
0.2793278694152832 57
0.27968311309814453 56
0.2808711528778076 55
0.284329891204834 54
0.28455305099487305 53
0.28941798210144043 52
0.2934529781341553 51
0.2950570583343506 50
