0.24163579940795898 83
0.24233770370483398 82
0.2460947036743164 81
0.24807071685791016 80
0.2488996982574463 79
0.24922394752502441 78
0.25046873092651367 77
0.2520778179168701 76
0.25328779220581055 75
0.2539217472076416 74
0.2547488212585449 73
0.25518178939819336 72
0.2576320171356201 71
0.25841259956359863 70
0.2585718631744385 69
0.2597827911376953 68
0.26006484031677246 67
0.26228785514831543 66
0.2631039619445801 65
0.2642998695373535 64
0.2647738456726074 63
0.2659938335418701 62
0.2666957378387451 61
0.2673206329345703 60
0.2701387405395508 59
0.27037572860717773 58
0.27050185203552246 57
0.27072882652282715 56
0.2769777774810791 55
0.27899599075317383 54
0.2847118377685547 53
0.2879817485809326 52
0.29223179817199707 51
0.30528688430786133 50
