0.24091601371765137 83
0.2415628433227539 82
0.24323415756225586 81
0.2435619831085205 80
0.24799418449401855 79
0.24884891510009766 78
0.24902701377868652 77
0.24964213371276855 76
0.25063085556030273 75
0.25196218490600586 74
0.25283002853393555 73
0.25409889221191406 72
0.2566080093383789 71
0.2568519115447998 70
0.2572190761566162 69
0.2577059268951416 68
0.2590830326080322 67
0.26012396812438965 66
0.2612171173095703 65
0.26369595527648926 64
0.26706886291503906 63
0.27039408683776855 62
0.2748711109161377 61
0.27574825286865234 60
0.2768840789794922 59
0.27909207344055176 58
0.2794051170349121 57
0.28098106384277344 56
0.28181886672973633 55
0.28254222869873047 54
0.28374814987182617 53
0.29169201850891113 52
0.31180596351623535 51
0.31530189514160156 50
