0.24393320083618164 83
0.2443830966949463 82
0.24487924575805664 81
0.24515318870544434 80
0.24561214447021484 79
0.2461562156677246 78
0.24709820747375488 77
0.24740314483642578 76
0.24866628646850586 75
0.25252819061279297 74
0.2546651363372803 73
0.2554750442504883 72
0.25681209564208984 71
0.25756120681762695 70
0.2577221393585205 69
0.2585270404815674 68
0.26058125495910645 67
0.26123595237731934 66
0.2628500461578369 65
0.26387929916381836 64
0.26447010040283203 63
0.2655313014984131 62
0.26825904846191406 61
0.2686471939086914 60
0.26878809928894043 59
0.27863311767578125 58
0.2838561534881592 57
0.2849242687225342 56
0.28591322898864746 55
0.287250280380249 54
0.28974413871765137 53
0.2905752658843994 52
0.29132819175720215 51
0.3014991283416748 50
