0.24531984329223633 83
0.24658584594726562 82
0.24802780151367188 81
0.25061774253845215 80
0.25173306465148926 79
0.25342893600463867 78
0.25403499603271484 77
0.2556180953979492 76
0.25757694244384766 75
0.25905680656433105 74
0.25936198234558105 73
0.25974512100219727 72
0.261430025100708 71
0.2631490230560303 70
0.266690731048584 69
0.26953792572021484 68
0.2714078426361084 67
0.2716827392578125 66
0.2735869884490967 65
0.2749650478363037 64
0.2762448787689209 63
0.27638792991638184 62
0.2770707607269287 61
0.27773594856262207 60
0.2785611152648926 59
0.2810659408569336 58
0.28131985664367676 57
0.2830028533935547 56
0.28517889976501465 55
0.28615713119506836 54
0.29073095321655273 53
0.29419398307800293 52
0.30326199531555176 51
0.3051109313964844 50
