0.2421109676361084 83
0.24294781684875488 82
0.24356412887573242 81
0.2440640926361084 80
0.2447497844696045 79
0.24515676498413086 78
0.2456059455871582 77
0.24658989906311035 76
0.24684810638427734 75
0.24737095832824707 74
0.24767184257507324 73
0.25047993659973145 72
0.2523529529571533 71
0.2543458938598633 70
0.25548481941223145 69
0.25625085830688477 68
0.25808095932006836 67
0.25823187828063965 66
0.2598280906677246 65
0.2613368034362793 64
0.26148414611816406 63
0.2626159191131592 62
0.26441502571105957 61
0.26567506790161133 60
0.2663288116455078 59
0.266463041305542 58
0.26826977729797363 57
0.26926589012145996 56
0.2702219486236572 55
0.27146387100219727 54
0.2833831310272217 53
0.31088805198669434 52
0.31374597549438477 51
0.3191838264465332 50
