0.24240374565124512 83
0.2437739372253418 82
0.24449586868286133 81
0.24468374252319336 80
0.2451479434967041 79
0.2474668025970459 78
0.2483367919921875 77
0.24963092803955078 76
0.24994492530822754 75
0.2518279552459717 74
0.25578975677490234 73
0.2561838626861572 72
0.2564818859100342 71
0.2579307556152344 70
0.25868701934814453 69
0.2618577480316162 68
0.26227378845214844 67
0.2633967399597168 66
0.26367902755737305 65
0.26401495933532715 64
0.2683107852935791 63
0.2693629264831543 62
0.26969194412231445 61
0.27164602279663086 60
0.27188992500305176 59
0.2729959487915039 58
0.274716854095459 57
0.275439977645874 56
0.2772517204284668 55
0.27736687660217285 54
0.279818058013916 53
0.2810499668121338 52
0.2838609218597412 51
0.292388916015625 50
