0.24052095413208008 83
0.24161505699157715 82
0.24194693565368652 81
0.24485111236572266 80
0.24738001823425293 79
0.24755620956420898 78
0.24772906303405762 77
0.24790096282958984 76
0.2522470951080322 75
0.25326013565063477 74
0.2537119388580322 73
0.25521421432495117 72
0.2555861473083496 71
0.2559490203857422 70
0.2562282085418701 69
0.2564558982849121 68
0.25697994232177734 67
0.258868932723999 66
0.2590951919555664 65
0.26067519187927246 64
0.26105403900146484 63
0.2626969814300537 62
0.2646670341491699 61
0.2658529281616211 60
0.2688260078430176 59
0.27012205123901367 58
0.27236294746398926 57
0.2728230953216553 56
0.2735300064086914 55
0.2750720977783203 54
0.2771470546722412 53
0.28293800354003906 52
0.2867588996887207 51
0.2883110046386719 50
