0.24135899543762207 83
0.24199390411376953 82
0.24278903007507324 81
0.24361705780029297 80
0.2442941665649414 79
0.24474310874938965 78
0.24733614921569824 77
0.2476511001586914 76
0.24818086624145508 75
0.2487499713897705 74
0.24982905387878418 73
0.2503931522369385 72
0.2516021728515625 71
0.25176310539245605 70
0.25231003761291504 69
0.25272607803344727 68
0.2534780502319336 67
0.2536320686340332 66
0.25440406799316406 65
0.257796049118042 64
0.2583179473876953 63
0.25928425788879395 62
0.26742005348205566 61
0.2675611972808838 60
0.2682681083679199 59
0.26898813247680664 58
0.27364301681518555 57
0.27777719497680664 56
0.27834415435791016 55
0.28066396713256836 54
0.29416322708129883 53
0.2979393005371094 52
0.3007500171661377 51
0.308671236038208 50
