0.24249911308288574 83
0.24278712272644043 82
0.24326705932617188 81
0.2440180778503418 80
0.24511218070983887 79
0.24648094177246094 78
0.24756908416748047 77
0.24796819686889648 76
0.24844717979431152 75
0.25075221061706543 74
0.2514519691467285 73
0.25189208984375 72
0.256817102432251 71
0.26157116889953613 70
0.26199817657470703 69
0.26589298248291016 68
0.26703429222106934 67
0.2675590515136719 66
0.26822924613952637 65
0.27005910873413086 64
0.2718520164489746 63
0.2734651565551758 62
0.2736051082611084 61
0.2737431526184082 60
0.28073620796203613 59
0.2823021411895752 58
0.28314208984375 57
0.2859480381011963 56
0.28917908668518066 55
0.29198122024536133 54
0.2947390079498291 53
0.29549503326416016 52
0.30409717559814453 51
0.3440263271331787 50
