0.24190735816955566 83
0.24222517013549805 82
0.24364209175109863 81
0.24518227577209473 80
0.24563312530517578 79
0.2464911937713623 78
0.24688315391540527 77
0.24777817726135254 76
0.2503490447998047 75
0.25101733207702637 74
0.25197720527648926 73
0.25357723236083984 72
0.2558581829071045 71
0.2563960552215576 70
0.25655436515808105 69
0.25704336166381836 68
0.2577080726623535 67
0.2602710723876953 66
0.2604222297668457 65
0.2612290382385254 64
0.2641632556915283 63
0.26789236068725586 62
0.2693021297454834 61
0.2695002555847168 60
0.27031803131103516 59
0.27237915992736816 58
0.27318334579467773 57
0.2743213176727295 56
0.27762818336486816 55
0.27969813346862793 54
0.28586530685424805 53
0.2870771884918213 52
0.31617116928100586 51
0.3188972473144531 50
