0.24112987518310547 83
0.24140286445617676 82
0.2422957420349121 81
0.24326562881469727 80
0.2437267303466797 79
0.2440488338470459 78
0.24501585960388184 77
0.24555587768554688 76
0.24807476997375488 75
0.2550687789916992 74
0.2559046745300293 73
0.2560746669769287 72
0.25725793838500977 71
0.25990772247314453 70
0.2603428363800049 69
0.2639780044555664 68
0.2643258571624756 67
0.26685476303100586 66
0.26712870597839355 65
0.2681388854980469 64
0.268892765045166 63
0.27007389068603516 62
0.27164578437805176 61
0.2717876434326172 60
0.2721097469329834 59
0.27374958992004395 58
0.27845287322998047 57
0.28203582763671875 56
0.2860569953918457 55
0.28707265853881836 54
0.28797173500061035 53
0.29422783851623535 52
0.3067648410797119 51
0.3070688247680664 50
