0.2403709888458252 83
0.2414228916168213 82
0.24175190925598145 81
0.24466490745544434 80
0.2471909523010254 79
0.24736690521240234 78
0.24753999710083008 77
0.2477109432220459 76
0.25202202796936035 75
0.2530388832092285 74
0.25348591804504395 73
0.2550017833709717 72
0.25537681579589844 71
0.25574398040771484 70
0.2560248374938965 69
0.2562549114227295 68
0.25678277015686035 67
0.25870180130004883 66
0.25893187522888184 65
0.2605278491973877 64
0.26092982292175293 63
0.26256585121154785 62
0.2645530700683594 61
0.26573896408081055 60
0.26870203018188477 59
0.2699868679046631 58
0.27239990234375 57
0.2728898525238037 56
0.2736189365386963 55
0.2751748561859131 54
0.2772088050842285 53
0.2830169200897217 52
0.28690314292907715 51
0.28847599029541016 50
