0.24129223823547363 83
0.24431228637695312 82
0.24478435516357422 81
0.24552130699157715 80
0.24669432640075684 79
0.24784326553344727 78
0.24912619590759277 77
0.24930310249328613 76
0.2498922348022461 75
0.25062108039855957 74
0.2514181137084961 73
0.25188112258911133 72
0.25473523139953613 71
0.2564370632171631 70
0.2573273181915283 69
0.25762939453125 68
0.258026123046875 67
0.2581770420074463 66
0.2587740421295166 65
0.26041293144226074 64
0.261242151260376 63
0.26442909240722656 62
0.265869140625 61
0.26723313331604004 60
0.2701733112335205 59
0.2715930938720703 58
0.2745852470397949 57
0.2785031795501709 56
0.27910614013671875 55
0.2819373607635498 54
0.29068613052368164 53
0.2938382625579834 52
0.2987792491912842 51
0.29941821098327637 50
