0.2576179504394531 83
0.2578887939453125 82
0.2584247589111328 81
0.2587108612060547 80
0.25903892517089844 79
0.26062488555908203 78
0.2609379291534424 77
0.2611117362976074 76
0.26223087310791016 75
0.26311397552490234 74
0.26407670974731445 73
0.26454877853393555 72
0.26471400260925293 71
0.2654080390930176 70
0.26599979400634766 69
0.2664358615875244 68
0.26680874824523926 67
0.2673969268798828 66
0.26836085319519043 65
0.2685849666595459 64
0.26897692680358887 63
0.27070069313049316 62
0.2719869613647461 61
0.2762587070465088 60
0.2779569625854492 59
0.28132104873657227 58
0.2823939323425293 57
0.2841029167175293 56
0.2917189598083496 55
0.2940659523010254 54
0.30331969261169434 53
0.30643486976623535 52
0.31294894218444824 51
0.31987571716308594 50
