0.24107909202575684 83
0.24215221405029297 82
0.24257302284240723 81
0.24367904663085938 80
0.2456061840057373 79
0.24802708625793457 78
0.2519989013671875 77
0.2536811828613281 76
0.2540860176086426 75
0.2545480728149414 74
0.2561640739440918 73
0.2583489418029785 72
0.2585170269012451 71
0.26016807556152344 70
0.2611391544342041 69
0.26152706146240234 68
0.2627391815185547 67
0.2662801742553711 66
0.2678351402282715 65
0.26798510551452637 64
0.26880812644958496 63
0.2690160274505615 62
0.26915717124938965 61
0.272799015045166 60
0.27638912200927734 59
0.27770113945007324 58
0.2778911590576172 57
0.2792832851409912 56
0.28280210494995117 55
0.28928303718566895 54
0.29926395416259766 53
0.306210994720459 52
0.3274869918823242 51
0.3338601589202881 50
